Determining if the pthread_create exist failed with the following output:
Change Dir: /home/cody/MediFor/cuda-radon-transform/build/CMakeFiles/CMakeTmp

Run Build Command:"/usr/bin/make" "cmTC_44b48/fast"
/usr/bin/make -f CMakeFiles/cmTC_44b48.dir/build.make CMakeFiles/cmTC_44b48.dir/build
make[1]: Entering directory `/home/cody/MediFor/cuda-radon-transform/build/CMakeFiles/CMakeTmp'
Building C object CMakeFiles/cmTC_44b48.dir/CheckSymbolExists.c.o
/usr/bin/cc    -fPIC    -o CMakeFiles/cmTC_44b48.dir/CheckSymbolExists.c.o   -c /home/cody/MediFor/cuda-radon-transform/build/CMakeFiles/CMakeTmp/CheckSymbolExists.c
Linking C executable cmTC_44b48
/usr/local/bin/cmake -E cmake_link_script CMakeFiles/cmTC_44b48.dir/link.txt --verbose=1
/usr/bin/cc  -fPIC     CMakeFiles/cmTC_44b48.dir/CheckSymbolExists.c.o  -o cmTC_44b48 -rdynamic 
CMakeFiles/cmTC_44b48.dir/CheckSymbolExists.c.o: In function `main':
CheckSymbolExists.c:(.text+0x1b): undefined reference to `pthread_create'
collect2: error: ld returned 1 exit status
make[1]: *** [cmTC_44b48] Error 1
make[1]: Leaving directory `/home/cody/MediFor/cuda-radon-transform/build/CMakeFiles/CMakeTmp'
make: *** [cmTC_44b48/fast] Error 2

File /home/cody/MediFor/cuda-radon-transform/build/CMakeFiles/CMakeTmp/CheckSymbolExists.c:
/* */
#include <pthread.h>

int main(int argc, char** argv)
{
  (void)argv;
#ifndef pthread_create
  return ((int*)(&pthread_create))[argc];
#else
  (void)argc;
  return 0;
#endif
}

Determining if the function pthread_create exists in the pthreads failed with the following output:
Change Dir: /home/cody/MediFor/cuda-radon-transform/build/CMakeFiles/CMakeTmp

Run Build Command:"/usr/bin/make" "cmTC_31350/fast"
/usr/bin/make -f CMakeFiles/cmTC_31350.dir/build.make CMakeFiles/cmTC_31350.dir/build
make[1]: Entering directory `/home/cody/MediFor/cuda-radon-transform/build/CMakeFiles/CMakeTmp'
Building C object CMakeFiles/cmTC_31350.dir/CheckFunctionExists.c.o
/usr/bin/cc    -fPIC -DCHECK_FUNCTION_EXISTS=pthread_create   -o CMakeFiles/cmTC_31350.dir/CheckFunctionExists.c.o   -c /usr/local/share/cmake-3.4/Modules/CheckFunctionExists.c
Linking C executable cmTC_31350
/usr/local/bin/cmake -E cmake_link_script CMakeFiles/cmTC_31350.dir/link.txt --verbose=1
/usr/bin/cc  -fPIC -DCHECK_FUNCTION_EXISTS=pthread_create    CMakeFiles/cmTC_31350.dir/CheckFunctionExists.c.o  -o cmTC_31350 -rdynamic -lpthreads 
/usr/bin/ld: cannot find -lpthreads
collect2: error: ld returned 1 exit status
make[1]: *** [cmTC_31350] Error 1
make[1]: Leaving directory `/home/cody/MediFor/cuda-radon-transform/build/CMakeFiles/CMakeTmp'
make: *** [cmTC_31350/fast] Error 2


